c:\users\lug\documents\opengl-experiments\opengl_experiments\opengl_experiments\debug\vc141.pdb
c:\users\lug\documents\opengl-experiments\opengl_experiments\opengl_experiments\debug\vc141.idb
c:\users\lug\documents\opengl-experiments\opengl_experiments\opengl_experiments\debug\glad.obj
c:\users\lug\documents\opengl-experiments\opengl_experiments\opengl_experiments\debug\stb_image.obj
c:\users\lug\documents\opengl-experiments\opengl_experiments\opengl_experiments\debug\main.obj
c:\users\lug\documents\opengl-experiments\opengl_experiments\opengl_experiments\debug\main.obj.enc
c:\users\lug\documents\opengl-experiments\opengl_experiments\debug\opengl_experiments.pdb
c:\users\lug\documents\opengl-experiments\opengl_experiments\opengl_experiments\debug\opengl_e.7e7bf2bb.tlog\cl.command.1.tlog
c:\users\lug\documents\opengl-experiments\opengl_experiments\opengl_experiments\debug\opengl_e.7e7bf2bb.tlog\cl.read.1.tlog
c:\users\lug\documents\opengl-experiments\opengl_experiments\opengl_experiments\debug\opengl_e.7e7bf2bb.tlog\cl.write.1.tlog
c:\users\lug\documents\opengl-experiments\opengl_experiments\opengl_experiments\debug\opengl_e.7e7bf2bb.tlog\link-cvtres.read.1.tlog
c:\users\lug\documents\opengl-experiments\opengl_experiments\opengl_experiments\debug\opengl_e.7e7bf2bb.tlog\link-cvtres.write.1.tlog
c:\users\lug\documents\opengl-experiments\opengl_experiments\opengl_experiments\debug\opengl_e.7e7bf2bb.tlog\link-rc.read.1.tlog
c:\users\lug\documents\opengl-experiments\opengl_experiments\opengl_experiments\debug\opengl_e.7e7bf2bb.tlog\link-rc.write.1.tlog
c:\users\lug\documents\opengl-experiments\opengl_experiments\opengl_experiments\debug\opengl_e.7e7bf2bb.tlog\link.8876-cvtres.read.1.tlog
c:\users\lug\documents\opengl-experiments\opengl_experiments\opengl_experiments\debug\opengl_e.7e7bf2bb.tlog\link.8876-cvtres.write.1.tlog
c:\users\lug\documents\opengl-experiments\opengl_experiments\opengl_experiments\debug\opengl_e.7e7bf2bb.tlog\link.8876-rc.read.1.tlog
c:\users\lug\documents\opengl-experiments\opengl_experiments\opengl_experiments\debug\opengl_e.7e7bf2bb.tlog\link.8876-rc.write.1.tlog
c:\users\lug\documents\opengl-experiments\opengl_experiments\opengl_experiments\debug\opengl_e.7e7bf2bb.tlog\link.8876.read.1.tlog
c:\users\lug\documents\opengl-experiments\opengl_experiments\opengl_experiments\debug\opengl_e.7e7bf2bb.tlog\link.8876.write.1.tlog
c:\users\lug\documents\opengl-experiments\opengl_experiments\opengl_experiments\debug\opengl_e.7e7bf2bb.tlog\link.command.1.tlog
c:\users\lug\documents\opengl-experiments\opengl_experiments\opengl_experiments\debug\opengl_e.7e7bf2bb.tlog\link.read.1.tlog
c:\users\lug\documents\opengl-experiments\opengl_experiments\opengl_experiments\debug\opengl_e.7e7bf2bb.tlog\link.write.1.tlog
